<?xml version="1.0" encoding="UTF-8"?>
<!-- Generated by org.testng.reporters.JUnitReportReporter -->
<testsuite hostname="DESKTOP-0FSS1BG" failures="0" tests="1" name="Day1" time="0.016" errors="0" timestamp="2021-02-21T20:27:49 IST" skipped="0">
  <testcase classname="Day1" name="print" time="0.016"/>
  <system-out/>
</testsuite> <!-- Day1 -->
