<?xml version="1.0" encoding="UTF-8"?>
<!-- Generated by org.testng.reporters.JUnitReportReporter -->
<testsuite hostname="DESKTOP-0FSS1BG" failures="0" tests="1" name="Day2" time="0.015" errors="0" timestamp="2021-02-21T21:47:05 IST" skipped="0">
  <testcase classname="Day2" name="pLoan" time="0.015"/>
  <system-out/>
</testsuite> <!-- Day2 -->
